<?xml version="1.0" encoding="UTF-8"?>
<!-- Generated by org.testng.reporters.JUnitReportReporter -->
<testsuite skipped="0" hostname="DeepikaHPLaptop" name="test.MyLoginTest" tests="1" failures="0" timestamp="2022-08-22T20:11:22 EDT" time="4.694" errors="0">
  <testcase name="validusershouldBeAbleToLogin" time="4.694" classname="test.MyLoginTest"/>
  <system-out/>
</testsuite> <!-- test.MyLoginTest -->
