<?xml version="1.0" encoding="UTF-8"?>
<!-- Generated by org.testng.reporters.JUnitReportReporter -->
<testsuite hostname="DeepikaHPLaptop" failures="0" tests="1" name="test.MyDashboardTest" time="4.643" errors="0" timestamp="2022-07-18T17:42:14 EDT" skipped="0">
  <testcase classname="test.MyDashboardTest" name="validateUserShouldBeAbleToAddCustomerPage" time="4.643"/>
  <system-out/>
</testsuite> <!-- test.MyDashboardTest -->
