<?xml version="1.0" encoding="UTF-8"?>
<!-- Generated by org.testng.reporters.JUnitReportReporter -->
<testsuite hostname="DeepikaHPLaptop" failures="0" tests="1" name="test.MyaddCustomerTest" time="25.692" errors="0" timestamp="2022-07-19T15:35:34 EDT" skipped="0">
  <testcase classname="test.MyaddCustomerTest" name="validateAddContactsPage" time="25.692"/>
  <system-out/>
</testsuite> <!-- test.MyaddCustomerTest -->
